<?xml version="1.0" encoding="UTF-8"?>
<testng-results skipped="0" failed="0" ignored="0" total="3" passed="3">
  <reporter-output>
  </reporter-output>
  <suite name="Basic Test" duration-ms="29125" started-at="2020-09-09T04:57:22Z" finished-at="2020-09-09T04:57:51Z">
    <groups>
    </groups>
    <test name="Assignment Test" duration-ms="29125" started-at="2020-09-09T04:57:22Z" finished-at="2020-09-09T04:57:51Z">
      <class name="com.gurucul.qa.testcases.HomePageTest">
        <test-method status="PASS" signature="setup()[pri:0, instance:com.gurucul.qa.testcases.HomePageTest@28feb3fa]" name="setup" is-config="true" duration-ms="5921" started-at="2020-09-09T10:27:39Z" finished-at="2020-09-09T10:27:45Z">
          <reporter-output>
          </reporter-output>
        </test-method> <!-- setup -->
        <test-method status="PASS" signature="homeTest()[pri:0, instance:com.gurucul.qa.testcases.HomePageTest@28feb3fa]" name="homeTest" duration-ms="4815" started-at="2020-09-09T10:27:45Z" finished-at="2020-09-09T10:27:50Z">
          <reporter-output>
          </reporter-output>
        </test-method> <!-- homeTest -->
        <test-method status="PASS" signature="close()[pri:0, instance:com.gurucul.qa.testcases.HomePageTest@28feb3fa]" name="close" is-config="true" duration-ms="814" started-at="2020-09-09T10:27:50Z" finished-at="2020-09-09T10:27:51Z">
          <reporter-output>
          </reporter-output>
        </test-method> <!-- close -->
      </class> <!-- com.gurucul.qa.testcases.HomePageTest -->
      <class name="com.gurucul.qa.testcases.LoginPageTest">
        <test-method status="PASS" signature="setup()[pri:0, instance:com.gurucul.qa.testcases.LoginPageTest@68be2bc2]" name="setup" is-config="true" duration-ms="9215" started-at="2020-09-09T10:27:22Z" finished-at="2020-09-09T10:27:31Z">
          <reporter-output>
          </reporter-output>
        </test-method> <!-- setup -->
        <test-method status="PASS" signature="blankValidation()[pri:0, instance:com.gurucul.qa.testcases.LoginPageTest@68be2bc2]" name="blankValidation" duration-ms="508" started-at="2020-09-09T10:27:31Z" finished-at="2020-09-09T10:27:31Z">
          <reporter-output>
          </reporter-output>
        </test-method> <!-- blankValidation -->
        <test-method status="PASS" signature="close()[pri:0, instance:com.gurucul.qa.testcases.LoginPageTest@68be2bc2]" name="close" is-config="true" duration-ms="691" started-at="2020-09-09T10:27:31Z" finished-at="2020-09-09T10:27:32Z">
          <reporter-output>
          </reporter-output>
        </test-method> <!-- close -->
        <test-method status="PASS" signature="setup()[pri:0, instance:com.gurucul.qa.testcases.LoginPageTest@68be2bc2]" name="setup" is-config="true" duration-ms="4824" started-at="2020-09-09T10:27:32Z" finished-at="2020-09-09T10:27:37Z">
          <reporter-output>
          </reporter-output>
        </test-method> <!-- setup -->
        <test-method status="PASS" signature="loginTest()[pri:0, instance:com.gurucul.qa.testcases.LoginPageTest@68be2bc2]" name="loginTest" duration-ms="1436" started-at="2020-09-09T10:27:37Z" finished-at="2020-09-09T10:27:38Z">
          <reporter-output>
          </reporter-output>
        </test-method> <!-- loginTest -->
        <test-method status="PASS" signature="close()[pri:0, instance:com.gurucul.qa.testcases.LoginPageTest@68be2bc2]" name="close" is-config="true" duration-ms="799" started-at="2020-09-09T10:27:38Z" finished-at="2020-09-09T10:27:39Z">
          <reporter-output>
          </reporter-output>
        </test-method> <!-- close -->
      </class> <!-- com.gurucul.qa.testcases.LoginPageTest -->
    </test> <!-- Assignment Test -->
  </suite> <!-- Basic Test -->
</testng-results>
