<?xml version="1.0" encoding="UTF-8"?>
<!-- Generated by org.testng.reporters.JUnitXMLReporter -->
<testsuite hostname="Sachin-PC" ignored="0" name="Assignment Test" tests="3" failures="0" timestamp="09 Sep 2020 04:57:51 GMT" time="29.125" errors="0">
  <testcase name="blankValidation" time="0.508" classname="com.gurucul.qa.testcases.LoginPageTest"/>
  <testcase name="loginTest" time="1.436" classname="com.gurucul.qa.testcases.LoginPageTest"/>
  <testcase name="homeTest" time="4.815" classname="com.gurucul.qa.testcases.HomePageTest"/>
</testsuite> <!-- Assignment Test -->
